
2024-09-22 00:57:11: Starting installation of dependencies
2024-09-22 00:57:17: Finished installation of dependencies
2024-09-22 01:11:02 [Starting installation of dependencies]: 
2024-09-22 01:11:08 [Finished installation of dependencies]: 
2024-09-22 01:23:09 [Starting installation of dependencies]: 
2024-09-22 01:23:14 [Finished installation of dependencies]: 
2024-09-22 01:23:21 [Starting module ranking for URLs in sample_urls.txt]: 
2024-09-22 01:23:21 [Processing URL: https://github.com/raoakanksh/461project]: 
2024-09-22 01:23:21 [Created temporary directory: /tmp/tmp.neRvVFXqT3]: 
2024-09-22 01:23:21 [Calculating metrics for https://github.com/raoakanksh/461project]: 
2024-09-22 01:23:21 [Error calculating scores for URL: https://github.com/raoakanksh/461project]: 
2024-09-22 01:23:23 [Attempting to write results to output.ndjson]: 
2024-09-22 01:23:23 [Successfully wrote results for https://github.com/raoakanksh/461project to output.ndjson]: 
2024-09-22 01:23:23 [Removed temporary directory: /tmp/tmp.neRvVFXqT3]: 
2024-09-22 01:23:23 [Finished module ranking. Results saved to output.ndjson.]: 
2024-09-22 01:23:23 [Output file output.ndjson is not empty]: 
2024-09-22 01:34:05 [Starting module ranking for URLs in sample_urls.txt]: 
2024-09-22 01:34:05 [Processing URL: https://github.com/raoakanksh/461project]: 
2024-09-22 01:34:05 [Created temporary directory: /tmp/tmp.RY3DLcPou3]: 
2024-09-22 01:34:05 [Calculating metrics for https://github.com/raoakanksh/461project]: 
2024-09-22 01:34:05 [Error calculating scores for URL: https://github.com/raoakanksh/461project]: 
2024-09-22 01:34:07 [Attempting to write results to output.ndjson]: 
2024-09-22 01:34:07 [Successfully wrote results for https://github.com/raoakanksh/461project to output.ndjson]: 
2024-09-22 01:34:07 [Removed temporary directory: /tmp/tmp.RY3DLcPou3]: 
2024-09-22 01:34:07 [Finished module ranking. Results saved to output.ndjson.]: 
2024-09-22 01:34:07 [Output file output.ndjson is not empty]: 
2024-09-22 01:35:36 [Starting module ranking for URLs in sample_urls.txt]: 
2024-09-22 01:35:36 [Processing URL: https://github.com/raoakanksh/461project]: 
2024-09-22 01:35:36 [Created temporary directory: /tmp/tmp.zRlGmIz3pM]: 
2024-09-22 01:35:37 [Calculating metrics for https://github.com/raoakanksh/461project]: 
2024-09-22 01:35:37 [Error calculating scores for URL: https://github.com/raoakanksh/461project]: 
2024-09-22 01:35:39 [Attempting to write results to output.ndjson]: 
2024-09-22 01:35:39 [Successfully wrote results for https://github.com/raoakanksh/461project to output.ndjson]: 
2024-09-22 01:35:39 [Removed temporary directory: /tmp/tmp.zRlGmIz3pM]: 
2024-09-22 01:35:39 [Finished module ranking. Results saved to output.ndjson.]: 
2024-09-22 01:35:39 [Output file output.ndjson is not empty]: 
2024-09-22 01:36:04 [Starting module ranking for URLs in sample_urls.txt]: 
2024-09-22 01:36:04 [Processing URL: https://github.com/raoakanksh/461project]: 
2024-09-22 01:36:04 [Created temporary directory: /tmp/tmp.ObXRWbBJC6]: 
2024-09-22 01:36:04 [Calculating metrics for https://github.com/raoakanksh/461project]: 
2024-09-22 01:36:04 [Error calculating scores for URL: https://github.com/raoakanksh/461project]: 
2024-09-22 01:36:06 [Attempting to write results to output.ndjson]: 
2024-09-22 01:36:06 [Successfully wrote results for https://github.com/raoakanksh/461project to output.ndjson]: 
2024-09-22 01:36:06 [Removed temporary directory: /tmp/tmp.ObXRWbBJC6]: 
2024-09-22 01:36:06 [Finished module ranking. Results saved to output.ndjson.]: 
2024-09-22 01:36:06 [Output file output.ndjson is not empty]: 
2024-09-22 01:36:16 [Starting module ranking for URLs in sample_urls.txt]: 
2024-09-22 01:36:16 [Processing URL: https://github.com/raoakanksh/461project]: 
2024-09-22 01:36:16 [Created temporary directory: /tmp/tmp.AyCH7TBak7]: 
2024-09-22 01:36:16 [Calculating metrics for https://github.com/raoakanksh/461project]: 
2024-09-22 01:36:16 [Error calculating scores for URL: https://github.com/raoakanksh/461project]: 
2024-09-22 01:36:18 [Attempting to write results to output.ndjson]: 
2024-09-22 01:36:18 [Successfully wrote results for https://github.com/raoakanksh/461project to output.ndjson]: 
2024-09-22 01:36:18 [Removed temporary directory: /tmp/tmp.AyCH7TBak7]: 
2024-09-22 01:36:18 [Finished module ranking. Results saved to output.ndjson.]: 
2024-09-22 01:36:19 [Output file output.ndjson is not empty]: 
2024-09-22 01:37:21 [Starting module ranking for URLs in sample_urls.txt]: 
2024-09-22 01:37:21 [Processing URL: https://github.com/raoakanksh/461project]: 
2024-09-22 01:37:21 [Created temporary directory: /tmp/tmp.9aqj0MqRXt]: 
2024-09-22 01:37:21 [Calculating metrics for https://github.com/raoakanksh/461project]: 
2024-09-22 01:37:21 [Error calculating scores for URL: https://github.com/raoakanksh/461project]: 
2024-09-22 01:38:51 [Starting module ranking for URLs in sample_urls.txt]: 
2024-09-22 01:38:51 [Processing URL: https://github.com/raoakanksh/461project]: 
2024-09-22 01:38:51 [Created temporary directory: /tmp/tmp.At3UdGZSNV]: 
2024-09-22 01:38:51 [Calculating metrics for https://github.com/raoakanksh/461project]: 
2024-09-22 01:38:51 [Error calculating scores for URL: https://github.com/raoakanksh/461project]: 
2024-09-22 01:38:53 [Attempting to write results to output.ndjson]: 
2024-09-22 01:38:53 [Successfully wrote results for https://github.com/raoakanksh/461project to output.ndjson]: 
2024-09-22 01:38:53 [Removed temporary directory: /tmp/tmp.At3UdGZSNV]: 
2024-09-22 01:38:54 [Finished module ranking. Results saved to output.ndjson.]: 
2024-09-22 01:38:54 [Output file output.ndjson is not empty]: 
2024-09-22 01:39:30 [Starting module ranking for URLs in sample_urls.txt]: 
2024-09-22 01:39:30 [Processing URL: https://github.com/raoakanksh/461project]: 
2024-09-22 01:39:30 [Created temporary directory: /tmp/tmp.r72uNeKrBA]: 
2024-09-22 01:39:30 [Calculating metrics for https://github.com/raoakanksh/461project]: 
2024-09-22 01:39:31 [Error calculating scores for URL: https://github.com/raoakanksh/461project]: 
2024-09-22 01:39:32 [Attempting to write results to output.ndjson]: 
2024-09-22 01:39:32 [Successfully wrote results for https://github.com/raoakanksh/461project to output.ndjson]: 
2024-09-22 01:39:33 [Removed temporary directory: /tmp/tmp.r72uNeKrBA]: 
2024-09-22 01:39:33 [Finished module ranking. Results saved to output.ndjson.]: 
2024-09-22 01:39:33 [Output file output.ndjson is not empty]: 
2024-09-22 01:45:56 [Starting module ranking for URLs in sample_urls.txt]: 
2024-09-22 01:45:56 [Processing URL: https://github.com/raoakanksh/461project]: 
2024-09-22 01:45:57 [Created temporary directory: /tmp/tmp.RsWtM29RiZ]: 
2024-09-22 01:45:57 [Calculating metrics for https://github.com/raoakanksh/461project]: 
2024-09-22 01:45:57 [Error calculating scores for URL: https://github.com/raoakanksh/461project]: 
2024-09-22 01:45:59 [Attempting to write results to output.ndjson]: 
2024-09-22 01:45:59 [Successfully wrote results for https://github.com/raoakanksh/461project to output.ndjson]: 
2024-09-22 01:45:59 [Removed temporary directory: /tmp/tmp.RsWtM29RiZ]: 
2024-09-22 01:45:59 [Finished module ranking. Results saved to output.ndjson.]: 
2024-09-22 01:45:59 [Output file output.ndjson is not empty]: 
2024-09-22 01:47:44 [Starting module ranking for URLs in sample_urls.txt]: 
2024-09-22 01:47:44 [Processing URL: https://github.com/raoakanksh/461project]: 
2024-09-22 01:47:44 [Created temporary directory: /tmp/tmp.2dMHozSUV5]: 
2024-09-22 01:47:44 [Calculating metrics for https://github.com/raoakanksh/461project]: 
2024-09-22 01:47:44 [Error calculating scores for URL: https://github.com/raoakanksh/461project]: 
2024-09-22 01:47:46 [Attempting to write results to output.ndjson]: 
2024-09-22 01:47:46 [Successfully wrote results for https://github.com/raoakanksh/461project to output.ndjson]: 
2024-09-22 01:47:46 [Removed temporary directory: /tmp/tmp.2dMHozSUV5]: 
2024-09-22 01:47:46 [Finished module ranking. Results saved to output.ndjson.]: 
2024-09-22 01:47:47 [Output file output.ndjson is not empty]: 
2024-09-22 01:48:51 [Starting module ranking for URLs in sample_urls.txt]: 
2024-09-22 01:48:51 [Processing URL: https://github.com/raoakanksh/461project]: 
2024-09-22 01:48:51 [Created temporary directory: /tmp/tmp.YqzPtEw1F2]: 
2024-09-22 01:48:51 [Calculating metrics for https://github.com/raoakanksh/461project]: 
2024-09-22 01:48:52 [Error calculating scores for URL: https://github.com/raoakanksh/461project]: 
2024-09-22 01:48:54 [Attempting to write results to output.ndjson]: 
2024-09-22 01:48:54 [Successfully wrote results for https://github.com/raoakanksh/461project to output.ndjson]: 
2024-09-22 01:48:54 [Removed temporary directory: /tmp/tmp.YqzPtEw1F2]: 
2024-09-22 01:48:54 [Finished module ranking. Results saved to output.ndjson.]: 
2024-09-22 01:48:54 [Output file output.ndjson is not empty]: 
2024-09-22 01:52:43 [Starting module ranking for URLs in sample_urls.txt]: 
2024-09-22 01:52:43 [Processing URL: https://github.com/raoakanksh/461project]: 
2024-09-22 01:52:43 [Created temporary directory: /tmp/tmp.d3zlPrC5TT]: 
2024-09-22 01:52:44 [Calculating metrics for https://github.com/raoakanksh/461project]: 
2024-09-22 01:52:44 [Error calculating scores for URL: https://github.com/raoakanksh/461project]: 
2024-09-22 01:52:46 [Attempting to write results to output.ndjson]: 
2024-09-22 01:52:46 [Successfully wrote results for https://github.com/raoakanksh/461project to output.ndjson]: 
2024-09-22 01:52:46 [Removed temporary directory: /tmp/tmp.d3zlPrC5TT]: 
2024-09-22 01:52:46 [Finished module ranking. Results saved to output.ndjson.]: 
2024-09-22 01:52:46 [Output file output.ndjson is not empty]: 
2024-09-22 01:53:36 [Starting module ranking for URLs in sample_urls.txt]: 
2024-09-22 01:53:36 [Processing URL: https://github.com/raoakanksh/461project]: 
2024-09-22 01:53:36 [Created temporary directory: /tmp/tmp.HpfpPqmsxv]: 
2024-09-22 01:53:36 [Calculating metrics for https://github.com/raoakanksh/461project]: 
2024-09-22 01:53:37 [Error calculating scores for URL: https://github.com/raoakanksh/461project]: 
2024-09-22 01:53:39 [Attempting to write results to output.ndjson]: 
2024-09-22 01:53:39 [Successfully wrote results for https://github.com/raoakanksh/461project to output.ndjson]: 
2024-09-22 01:53:39 [Removed temporary directory: /tmp/tmp.HpfpPqmsxv]: 
2024-09-22 01:53:39 [Finished module ranking. Results saved to output.ndjson.]: 
2024-09-22 01:53:39 [Output file output.ndjson is not empty]: 
2024-09-22 01:54:25 [Starting module ranking for URLs in sample_urls.txt]: 
2024-09-22 01:54:25 [Processing URL: https://github.com/raoakanksh/461project]: 
2024-09-22 01:54:25 [Created temporary directory: /tmp/tmp.7kntWltx5g]: 
2024-09-22 01:54:25 [Calculating metrics for https://github.com/raoakanksh/461project]: 
2024-09-22 01:54:26 [Error calculating scores for URL: https://github.com/raoakanksh/461project]: 
2024-09-22 01:54:28 [Attempting to write results to output.ndjson]: 
2024-09-22 01:54:28 [Successfully wrote results for https://github.com/raoakanksh/461project to output.ndjson]: 
2024-09-22 01:54:28 [Removed temporary directory: /tmp/tmp.7kntWltx5g]: 
2024-09-22 01:54:28 [Finished module ranking. Results saved to output.ndjson.]: 
2024-09-22 01:54:28 [Output file output.ndjson is not empty]: 
2024-09-22 01:57:28 [Starting module ranking for URLs in sample_urls.txt]: 
2024-09-22 01:57:28 [Processing URL: https://github.com/raoakanksh/461project]: 
2024-09-22 01:57:28 [Created temporary directory: /tmp/tmp.pXScEo6NZO]: 
2024-09-22 01:57:28 [Calculating metrics for https://github.com/raoakanksh/461project]: 
2024-09-22 01:57:29 [Error calculating scores for URL: https://github.com/raoakanksh/461project]: 
2024-09-22 01:57:31 [Attempting to write results to output.ndjson]: 
2024-09-22 01:57:31 [Successfully wrote results for https://github.com/raoakanksh/461project to output.ndjson]: 
2024-09-22 01:57:31 [Removed temporary directory: /tmp/tmp.pXScEo6NZO]: 
2024-09-22 01:57:31 [Finished module ranking. Results saved to output.ndjson.]: 
2024-09-22 01:57:31 [Output file output.ndjson is not empty]: 
2024-09-22 01:58:46 [Starting module ranking for URLs in sample_urls.txt]: 
2024-09-22 01:58:46 [Processing URL: https://github.com/raoakanksh/461project]: 
2024-09-22 01:58:46 [Created temporary directory: /tmp/tmp.KQzc2V9bHF]: 
2024-09-22 01:58:47 [Calculating metrics for https://github.com/raoakanksh/461project]: 
2024-09-22 01:58:47 [Error calculating scores for URL: https://github.com/raoakanksh/461project]: 
2024-09-22 01:58:49 [Attempting to write results to output.ndjson]: 
2024-09-22 01:58:49 [Successfully wrote results for https://github.com/raoakanksh/461project to output.ndjson]: 
2024-09-22 01:58:49 [Removed temporary directory: /tmp/tmp.KQzc2V9bHF]: 
2024-09-22 01:58:49 [Finished module ranking. Results saved to output.ndjson.]: 
2024-09-22 01:58:49 [Output file output.ndjson is not empty]: 
2024-09-22 01:59:48 [Starting installation of dependencies]: 
2024-09-22 01:59:53 [Finished installation of dependencies]: 
2024-09-22 01:59:56 [Starting module ranking for URLs in sample_urls.txt]: 
2024-09-22 01:59:56 [Processing URL: https://github.com/raoakanksh/461project]: 
2024-09-22 01:59:56 [Created temporary directory: /tmp/tmp.9isMjin1Ji]: 
2024-09-22 01:59:57 [Calculating metrics for https://github.com/raoakanksh/461project]: 
2024-09-22 01:59:57 [Error calculating scores for URL: https://github.com/raoakanksh/461project]: 
2024-09-22 01:59:59 [Attempting to write results to output.ndjson]: 
2024-09-22 01:59:59 [Successfully wrote results for https://github.com/raoakanksh/461project to output.ndjson]: 
2024-09-22 01:59:59 [Removed temporary directory: /tmp/tmp.9isMjin1Ji]: 
2024-09-22 01:59:59 [Finished module ranking. Results saved to output.ndjson.]: 
2024-09-22 01:59:59 [Output file output.ndjson is not empty]: 
2024-09-22 02:00:50 [Starting module ranking for URLs in sample_urls.txt]: 
2024-09-22 02:00:50 [Processing URL: https://github.com/raoakanksh/461project]: 
2024-09-22 02:00:50 [Created temporary directory: /tmp/tmp.SvPOBSUuYH]: 
2024-09-22 02:00:50 [Calculating metrics for https://github.com/raoakanksh/461project]: 
2024-09-22 02:00:51 [Error calculating scores for URL: https://github.com/raoakanksh/461project]: 
2024-09-22 02:00:53 [Attempting to write results to output.ndjson]: 
2024-09-22 02:00:53 [Successfully wrote results for https://github.com/raoakanksh/461project to output.ndjson]: 
2024-09-22 02:00:53 [Removed temporary directory: /tmp/tmp.SvPOBSUuYH]: 
2024-09-22 02:00:53 [Finished module ranking. Results saved to output.ndjson.]: 
2024-09-22 02:00:53 [Output file output.ndjson is not empty]: 
2024-09-22 02:01:11 [Starting module ranking for URLs in sample_urls.txt]: 
2024-09-22 02:01:11 [Processing URL: https://github.com/raoakanksh/461project]: 
2024-09-22 02:01:11 [Created temporary directory: /tmp/tmp.xMQfK0HefX]: 
2024-09-22 02:01:11 [Calculating metrics for https://github.com/raoakanksh/461project]: 
2024-09-22 02:01:12 [Error calculating scores for URL: https://github.com/raoakanksh/461project]: 
2024-09-22 02:01:14 [Attempting to write results to output.ndjson]: 
2024-09-22 02:01:14 [Successfully wrote results for https://github.com/raoakanksh/461project to output.ndjson]: 
2024-09-22 02:01:14 [Removed temporary directory: /tmp/tmp.xMQfK0HefX]: 
2024-09-22 02:01:14 [Finished module ranking. Results saved to output.ndjson.]: 
2024-09-22 02:01:14 [Output file output.ndjson is not empty]: 
2024-09-22 02:03:08 [Starting module ranking for URLs in sample_urls.txt]: 
2024-09-22 02:03:08 [Processing URL: https://github.com/raoakanksh/461project]: 
2024-09-22 02:03:08 [Created temporary directory: /tmp/tmp.ewgOMAMVZM]: 
2024-09-22 02:03:08 [Calculating metrics for https://github.com/raoakanksh/461project]: 
2024-09-22 02:04:07 [Starting module ranking for URLs in sample_urls.txt]: 
2024-09-22 02:04:07 [Processing URL: https://github.com/raoakanksh/461project]: 
2024-09-22 02:04:07 [Created temporary directory: /tmp/tmp.3RggqLvcRE]: 
2024-09-22 02:04:07 [Calculating metrics for https://github.com/raoakanksh/461project]: 
2024-09-22 02:04:17 [Starting module ranking for URLs in sample_urls.txt]: 
2024-09-22 02:04:17 [Processing URL: https://github.com/raoakanksh/461project]: 
2024-09-22 02:04:17 [Created temporary directory: /tmp/tmp.R4L8N4ZoIy]: 
2024-09-22 02:04:17 [Calculating metrics for https://github.com/raoakanksh/461project]: 
2024-09-22 02:05:28 [Starting module ranking for URLs in sample_urls.txt]: 
2024-09-22 02:05:28 [Processing URL: https://github.com/raoakanksh/461project]: 
2024-09-22 02:05:28 [Created temporary directory: /tmp/tmp.QUul5MtPPb]: 
2024-09-22 02:05:28 [Calculating metrics for https://github.com/raoakanksh/461project]: 
2024-09-22 02:07:31 [Starting module ranking for URLs in sample_urls.txt]: 
2024-09-22 02:07:31 [Processing URL: https://github.com/raoakanksh/461project]: 
2024-09-22 02:07:31 [Created temporary directory: /tmp/tmp.mR08jGr7G1]: 
2024-09-22 02:07:31 [Calculating metrics for https://github.com/raoakanksh/461project]: 
2024-09-22 02:07:32 [Removed temporary directory: /tmp/tmp.mR08jGr7G1]: 
2024-09-22 02:07:32 [Finished module ranking. Results saved to output.ndjson.]: 
2024-09-22 02:07:32 [Warning: Output file output.ndjson is empty]: 
2024-09-22 02:11:45 [Starting module ranking for URLs in sample_urls.txt]: 
2024-09-22 02:11:45 [Processing URL: https://github.com/raoakanksh/461project]: 
2024-09-22 02:11:45 [Created temporary directory: /tmp/tmp.UkY5yBiHR6]: 
2024-09-22 02:11:45 [Calculating metrics for https://github.com/raoakanksh/461project]: 
2024-09-22 02:13:13 [Starting module ranking for URLs in sample_urls.txt]: 
2024-09-22 02:13:13 [Processing URL: https://github.com/raoakanksh/461project]: 
2024-09-22 02:13:13 [Created temporary directory: /tmp/tmp.0AvLvqouaC]: 
2024-09-22 02:13:13 [Calculating metrics for https://github.com/raoakanksh/461project]: 
2024-09-22 02:13:45 [Starting module ranking for URLs in sample_urls.txt]: 
2024-09-22 02:13:45 [Processing URL: https://github.com/raoakanksh/461project]: 
2024-09-22 02:13:45 [Created temporary directory: /tmp/tmp.q7VrgXaUqL]: 
2024-09-22 02:13:45 [Calculating metrics for https://github.com/raoakanksh/461project]: 
2024-09-22 02:13:54 [Starting module ranking for URLs in sample_urls.txt]: 
2024-09-22 02:13:54 [Processing URL: https://github.com/raoakanksh/461project]: 
2024-09-22 02:13:54 [Created temporary directory: /tmp/tmp.FfT4ky7Shf]: 
2024-09-22 02:13:54 [Calculating metrics for https://github.com/raoakanksh/461project]: 
2024-09-22 02:14:14 [Starting module ranking for URLs in sample_urls.txt]: 
2024-09-22 02:14:14 [Processing URL: https://github.com/raoakanksh/461project]: 
2024-09-22 02:14:14 [Created temporary directory: /tmp/tmp.6emxkPJzBH]: 
2024-09-22 02:14:14 [Calculating metrics for https://github.com/raoakanksh/461project]: 
2024-09-22 02:14:41 [Starting module ranking for URLs in sample_urls.txt]: 
2024-09-22 02:14:41 [Processing URL: https://github.com/raoakanksh/461project]: 
2024-09-22 02:14:41 [Created temporary directory: /tmp/tmp.FgWKp7tvY8]: 
2024-09-22 02:14:41 [Calculating metrics for https://github.com/raoakanksh/461project]: 
2024-09-22 02:16:25 [Starting module ranking for URLs in sample_urls.txt]: 
2024-09-22 02:16:25 [Processing URL: https://github.com/raoakanksh/461project]: 
2024-09-22 02:16:25 [Created temporary directory: /tmp/tmp.LBjnTgCzbu]: 
2024-09-22 02:16:25 [Calculating metrics for https://github.com/raoakanksh/461project]: 
2024-09-22 02:19:49 [Starting module ranking for URLs in sample_urls.txt]: 
2024-09-22 02:19:49 [Processing URL: https://github.com/raoakanksh/461project]: 
2024-09-22 02:19:50 [Created temporary directory: /tmp/tmp.LdKHBg0TCK]: 
2024-09-22 02:19:50 [Calculating metrics for https://github.com/raoakanksh/461project]: 
2024-09-22 02:22:14 [Starting module ranking for URLs in sample_urls.txt]: 
2024-09-22 02:22:15 [Processing URL: https://github.com/raoakanksh/461project]: 
2024-09-22 02:22:15 [Created temporary directory: /tmp/tmp.biUN7NI1Up]: 
2024-09-22 02:22:15 [Calculating metrics for https://github.com/raoakanksh/461project]: 
2024-09-22 02:23:47 [Starting module ranking for URLs in sample_urls.txt]: 
2024-09-22 02:23:47 [Processing URL: https://github.com/raoakanksh/461project]: 
2024-09-22 02:23:47 [Created temporary directory: /tmp/tmp.Kha1PsWVh7]: 
2024-09-22 02:23:47 [Calculating metrics for https://github.com/raoakanksh/461project]: 
2024-09-22 02:24:54 [Starting module ranking for URLs in sample_urls.txt]: 
2024-09-22 02:24:54 [Processing URL: https://github.com/raoakanksh/461project]: 
2024-09-22 02:24:54 [Created temporary directory: /tmp/tmp.dEjgwWRHoM]: 
2024-09-22 02:24:54 [Calculating metrics for https://github.com/raoakanksh/461project]: 
2024-09-22 02:26:48 [Starting module ranking for URLs in sample_urls.txt]: 
2024-09-22 02:26:48 [Processing URL: https://github.com/raoakanksh/461project]: 
2024-09-22 02:26:48 [Created temporary directory: /tmp/tmp.DGijPHJxXb]: 
2024-09-22 02:26:49 [Calculating metrics for https://github.com/raoakanksh/461project]: 
2024-09-22 02:27:07 [no parsing yet]: 
2024-09-22 02:28:00 [Starting module ranking for URLs in sample_urls.txt]: 
2024-09-22 02:28:00 [Processing URL: https://github.com/raoakanksh/461project]: 
2024-09-22 02:28:00 [Created temporary directory: /tmp/tmp.mrMRC2xBWD]: 
2024-09-22 02:28:00 [Calculating metrics for https://github.com/raoakanksh/461project]: 
2024-09-22 02:28:22 [no parsing yet]: 
2024-09-22 02:30:45 [Starting module ranking for URLs in sample_urls.txt]: 
2024-09-22 02:30:45 [Processing URL: https://github.com/raoakanksh/461project]: 
2024-09-22 02:30:45 [Created temporary directory: /tmp/tmp.gOeROj25iv]: 
2024-09-22 02:30:45 [Calculating metrics for https://github.com/raoakanksh/461project]: 
2024-09-22 02:31:06 [no parsing yet]: 
2024-09-22 02:33:50 [Starting module ranking for URLs in sample_urls.txt]: 
2024-09-22 02:33:51 [Processing URL: https://github.com/raoakanksh/461project]: 
2024-09-22 02:33:51 [Created temporary directory: /tmp/tmp.9EVXMMd8kd]: 
2024-09-22 02:33:51 [Calculating metrics for https://github.com/raoakanksh/461project]: 
2024-09-22 02:34:15 [no parsing yet]: 
2024-09-22 02:34:15 [Removed temporary directory: /tmp/tmp.9EVXMMd8kd]: 
2024-09-22 02:34:15 [Finished module ranking. Results saved to output.ndjson.]: 
2024-09-22 02:34:15 [Warning: Output file output.ndjson is empty]: 
2024-09-22 02:36:31 [Starting module ranking for URLs in sample_urls.txt]: 
2024-09-22 02:36:31 [Processing URL: https://github.com/raoakanksh/461project]: 
2024-09-22 02:36:31 [Created temporary directory: /tmp/tmp.nK9wOaE8Nr]: 
2024-09-22 02:36:31 [Calculating metrics for https://github.com/raoakanksh/461project]: 
2024-09-22 02:36:51 [no parsing yet]: 
2024-09-22 02:36:51 [Removed temporary directory: /tmp/tmp.nK9wOaE8Nr]: 
2024-09-22 02:36:51 [Finished module ranking. Results saved to output.ndjson.]: 
2024-09-22 02:36:51 [Warning: Output file output.ndjson is empty]: 
2024-09-22 02:38:10 [Starting module ranking for URLs in sample_urls.txt]: 
2024-09-22 02:38:10 [Processing URL: https://github.com/raoakanksh/461project]: 
2024-09-22 02:38:11 [Created temporary directory: /tmp/tmp.xojSBU55l8]: 
2024-09-22 02:38:11 [Calculating metrics for https://github.com/raoakanksh/461project]: 
2024-09-22 02:38:11 [Error calculating scores for URL: https://github.com/raoakanksh/461project]: 
2024-09-22 02:38:11 [no parsing yet]: 
2024-09-22 02:38:13 [Removed temporary directory: /tmp/tmp.xojSBU55l8]: 
2024-09-22 02:38:13 [Finished module ranking. Results saved to output.ndjson.]: 
2024-09-22 02:38:13 [Warning: Output file output.ndjson is empty]: 
2024-09-22 02:39:30 [Starting module ranking for URLs in sample_urls.txt]: 
2024-09-22 02:39:30 [Processing URL: https://github.com/raoakanksh/461project]: 
2024-09-22 02:39:30 [Created temporary directory: /tmp/tmp.QP537XbQ65]: 
2024-09-22 02:39:30 [Calculating metrics for https://github.com/raoakanksh/461project]: 
2024-09-22 02:39:31 [no parsing yet]: 
2024-09-22 02:39:31 [Removed temporary directory: /tmp/tmp.QP537XbQ65]: 
2024-09-22 02:39:31 [Finished module ranking. Results saved to output.ndjson.]: 
2024-09-22 02:39:31 [Warning: Output file output.ndjson is empty]: 
2024-09-22 02:39:55 [Starting module ranking for URLs in sample_urls.txt]: 
2024-09-22 02:39:55 [Processing URL: https://github.com/raoakanksh/461project]: 
2024-09-22 02:39:55 [Created temporary directory: /tmp/tmp.40YCVQiUqE]: 
2024-09-22 02:39:55 [Calculating metrics for https://github.com/raoakanksh/461project]: 
2024-09-22 02:39:56 [no parsing yet]: 
2024-09-22 02:39:56 [Removed temporary directory: /tmp/tmp.40YCVQiUqE]: 
2024-09-22 02:39:57 [Finished module ranking. Results saved to output.ndjson.]: 
2024-09-22 02:39:57 [Warning: Output file output.ndjson is empty]: 
2024-09-22 02:40:59 [Starting module ranking for URLs in sample_urls.txt]: 
2024-09-22 02:40:59 [Processing URL: https://github.com/raoakanksh/461project]: 
2024-09-22 02:40:59 [Created temporary directory: /tmp/tmp.qwcS5uszoI]: 
2024-09-22 02:40:59 [Calculating metrics for https://github.com/raoakanksh/461project]: 
2024-09-22 02:41:00 [no parsing yet]: 
2024-09-22 02:41:00 [Removed temporary directory: /tmp/tmp.qwcS5uszoI]: 
2024-09-22 02:41:00 [Finished module ranking. Results saved to output.ndjson.]: 
2024-09-22 02:41:00 [Warning: Output file output.ndjson is empty]: 
2024-09-22 02:41:33 [Starting module ranking for URLs in sample_urls.txt]: 
2024-09-22 02:41:33 [Processing URL: https://github.com/raoakanksh/461project]: 
2024-09-22 02:41:33 [Created temporary directory: /tmp/tmp.y1LJz1pAMX]: 
2024-09-22 02:41:33 [Calculating metrics for https://github.com/raoakanksh/461project]: 
2024-09-22 02:41:34 [Error calculating scores for URL: https://github.com/raoakanksh/461project]: 
2024-09-22 02:41:34 [no parsing yet]: 
2024-09-22 02:41:36 [Removed temporary directory: /tmp/tmp.y1LJz1pAMX]: 
2024-09-22 02:41:36 [Finished module ranking. Results saved to output.ndjson.]: 
2024-09-22 02:41:36 [Warning: Output file output.ndjson is empty]: 
2024-09-22 02:43:08 [Starting module ranking for URLs in sample_urls.txt]: 
2024-09-22 02:43:08 [Processing URL: https://github.com/raoakanksh/461project]: 
2024-09-22 02:43:08 [Created temporary directory: /tmp/tmp.iwc9H61sGV]: 
2024-09-22 02:43:08 [Calculating metrics for https://github.com/raoakanksh/461project]: 
2024-09-22 02:43:09 [no parsing yet]: 
2024-09-22 02:43:09 [Removed temporary directory: /tmp/tmp.iwc9H61sGV]: 
2024-09-22 02:43:09 [Finished module ranking. Results saved to output.ndjson.]: 
2024-09-22 02:43:09 [Warning: Output file output.ndjson is empty]: 
2024-09-22 02:45:33 [Starting module ranking for URLs in sample_urls.txt]: 
2024-09-22 02:45:33 [Processing URL: https://github.com/raoakanksh/461project]: 
2024-09-22 02:45:33 [Created temporary directory: /tmp/tmp.4nGIMuAazz]: 
2024-09-22 02:45:33 [Calculating metrics for https://github.com/raoakanksh/461project]: 
2024-09-22 02:45:58 [no parsing yet]: 
2024-09-22 02:45:58 [Removed temporary directory: /tmp/tmp.4nGIMuAazz]: 
2024-09-22 02:45:58 [Finished module ranking. Results saved to output.ndjson.]: 
2024-09-22 02:45:58 [Warning: Output file output.ndjson is empty]: 
2024-09-22 02:48:15 [Starting module ranking for URLs in sample_urls.txt]: 
2024-09-22 02:48:15 [Processing URL: https://github.com/raoakanksh/461project]: 
2024-09-22 02:48:15 [Created temporary directory: /tmp/tmp.SD43mzaIDt]: 
2024-09-22 02:48:15 [Calculating metrics for https://github.com/raoakanksh/461project]: 
2024-09-22 02:48:33 [Removed temporary directory: /tmp/tmp.SD43mzaIDt]: 
2024-09-22 02:48:33 [Finished module ranking. Results saved to output.ndjson.]: 
2024-09-22 02:48:33 [Warning: Output file output.ndjson is empty]: 
2024-09-22 02:49:21 [Starting module ranking for URLs in sample_urls.txt]: 
2024-09-22 02:49:21 [Processing URL: https://github.com/raoakanksh/461project]: 
2024-09-22 02:49:21 [Created temporary directory: /tmp/tmp.fTUsT2DeR0]: 
2024-09-22 02:49:21 [Calculating metrics for https://github.com/raoakanksh/461project]: 
2024-09-22 02:49:41 [Removed temporary directory: /tmp/tmp.fTUsT2DeR0]: 
2024-09-22 02:49:41 [Finished module ranking. Results saved to output.ndjson.]: 
2024-09-22 02:49:41 [Warning: Output file output.ndjson is empty]: 
2024-09-22 02:50:26 [Starting module ranking for URLs in sample_urls.txt]: 
2024-09-22 02:50:26 [Processing URL: https://github.com/raoakanksh/461project]: 
2024-09-22 02:50:27 [Created temporary directory: /tmp/tmp.u3U6LkJ0Ns]: 
2024-09-22 02:50:27 [Calculating metrics for https://github.com/raoakanksh/461project]: 
2024-09-22 02:50:48 [Removed temporary directory: /tmp/tmp.u3U6LkJ0Ns]: 
2024-09-22 02:50:48 [Finished module ranking. Results saved to .]: 
2024-09-22 02:54:58 [Starting module ranking for URLs in sample_urls.txt]: 
2024-09-22 02:54:58 [Processing URL: https://github.com/raoakanksh/461project]: 
2024-09-22 02:54:58 [Created temporary directory: /tmp/tmp.hDaSjawFzT]: 
2024-09-22 02:54:58 [Calculating metrics for https://github.com/raoakanksh/461project]: 
2024-09-22 02:55:18 [Removed temporary directory: /tmp/tmp.hDaSjawFzT]: 
2024-09-22 02:55:18 [Finished module ranking.]: 
2024-09-22 02:56:07 [Starting module ranking for URLs in sample_urls.txt]: 
2024-09-22 02:56:07 [Processing URL: https://github.com/raoakanksh/461project]: 
2024-09-22 02:56:08 [Created temporary directory: /tmp/tmp.42UypDBkAj]: 
2024-09-22 02:56:08 [Calculating metrics for https://github.com/raoakanksh/461project]: 
2024-09-22 02:56:31 [Removed temporary directory: /tmp/tmp.42UypDBkAj]: 
2024-09-22 02:56:31 [Finished module ranking.]: 
2024-09-22 02:57:29 [Starting module ranking for URLs in sample_urls.txt]: 
2024-09-22 02:57:30 [Processing URL: https://github.com/raoakanksh/461project]: 
2024-09-22 02:57:30 [Created temporary directory: /tmp/tmp.vLO92SOhkr]: 
2024-09-22 02:57:30 [Calculating metrics for https://github.com/raoakanksh/461project]: 
2024-09-22 02:57:51 [Result: Starting async function...
Modules imported successfully...
Starting clone operation for https://github.com/raoakanksh/461project into /tmp/tmp.vLO92SOhkr
Clean Up Directory Time: 0.51ms
Repository cloned to /tmp/tmp.vLO92SOhkr
461project
No license information found.
Checking for test suite...
Test suite directory found: tests
Fetched 0 closed issues.
Fetched 6 closed pull requests.

--- Responsiveness Metrics ---
Average Issue Response Time: 168.00 hours
Average Pull Request Response Time: 0.01 hours
Overall Average Response Time: 84.00 hours

Responsive Score: 0.5 / 1
Total Unique Contributors: 2
Total CI/CD Tests: 1
Total Pull Requests: 6
Open Issues: 0
Closed Issues: 6
Metric Score: 0.01
Command says: {"NetScore":0.3013,"NetScore_Latency":20.66,"RampUp":0,"RampUp_Latency":0,"Correctness":1,"Correctness_Latency":0.002,"BusFactor":0.013000000000000001,"BusFactor_Latency":1.727,"ResponsiveMaintainer":0.5,"ResponsiveMaintainer_Latency":0.436,"License":0,"License_Latency":0}]: 
2024-09-22 02:57:51 [Removed temporary directory: /tmp/tmp.vLO92SOhkr]: 
2024-09-22 02:57:51 [Finished module ranking.]: 
2024-09-22 03:01:31 [Starting module ranking for URLs in sample_urls.txt]: 
2024-09-22 03:01:31 [Processing URL: https://github.com/raoakanksh/461project]: 
2024-09-22 03:01:31 [Created temporary directory: /tmp/tmp.8SAGUmO2es]: 
2024-09-22 03:01:31 [Calculating metrics for https://github.com/raoakanksh/461project]: 
2024-09-22 03:01:56 [Result: Starting async function...
Modules imported successfully...
Starting clone operation for https://github.com/raoakanksh/461project into /tmp/tmp.8SAGUmO2es
Starting clone operation for https://github.com/raoakanksh/461project into /tmp/tmp.8SAGUmO2es
Clean Up Directory Time: 0.494ms
Repository cloned to /tmp/tmp.8SAGUmO2es
461project
No license information found.
Checking for test suite...
Test suite directory found: tests
Fetched 0 closed issues.
Fetched 6 closed pull requests.

--- Responsiveness Metrics ---
Average Issue Response Time: 168.00 hours
Average Pull Request Response Time: 0.01 hours
Overall Average Response Time: 84.00 hours

Responsive Score: 0.5 / 1
Total Unique Contributors: 2
Total CI/CD Tests: 1
Total Pull Requests: 6
Open Issues: 0
Closed Issues: 6
Metric Score: 0.01
{"NetScore":0.3013,"NetScore_Latency":24.007,"RampUp":0,"RampUp_Latency":0,"Correctness":1,"Correctness_Latency":0.003,"BusFactor":0.013000000000000001,"BusFactor_Latency":1.769,"ResponsiveMaintainer":0.5,"ResponsiveMaintainer_Latency":0.404,"License":0,"License_Latency":0}]: 
2024-09-22 03:01:56 [Removed temporary directory: /tmp/tmp.8SAGUmO2es]: 
2024-09-22 03:01:56 [Finished module ranking.]: 
2024-09-22 03:02:43 [Starting module ranking for URLs in sample_urls.txt]: 
2024-09-22 03:02:43 [Processing URL: https://github.com/raoakanksh/461project]: 
2024-09-22 03:02:43 [Created temporary directory: /tmp/tmp.kEGObgMvxS]: 
2024-09-22 03:02:43 [Calculating metrics for https://github.com/raoakanksh/461project]: 
2024-09-22 03:03:01 [Result: ]: 
2024-09-22 03:03:01 [Error calculating scores for URL: https://github.com/raoakanksh/461project]: 
2024-09-22 03:05:00 [Starting module ranking for URLs in sample_urls.txt]: 
2024-09-22 03:05:00 [Processing URL: https://github.com/raoakanksh/461project]: 
2024-09-22 03:05:01 [Created temporary directory: /tmp/tmp.sMEkX6U1aG]: 
2024-09-22 03:05:01 [Calculating metrics for https://github.com/raoakanksh/461project]: 
2024-09-22 03:05:22 [Result: ]: 
2024-09-22 03:05:22 [Error calculating scores for URL: https://github.com/raoakanksh/461project]: 
2024-09-22 03:06:30 [Starting module ranking for URLs in sample_urls.txt]: 
2024-09-22 03:06:30 [Processing URL: https://github.com/raoakanksh/461project]: 
2024-09-22 03:06:30 [Created temporary directory: /tmp/tmp.il3loMYKS9]: 
2024-09-22 03:06:30 [Calculating metrics for https://github.com/raoakanksh/461project]: 
2024-09-22 03:06:51 [Result: Starting async function...
Modules imported successfully...
Starting clone operation for https://github.com/raoakanksh/461project into /tmp/tmp.il3loMYKS9
Starting clone operation for https://github.com/raoakanksh/461project into /tmp/tmp.il3loMYKS9
Clean Up Directory Time: 0.516ms
Repository cloned to /tmp/tmp.il3loMYKS9
461project
No license information found.
Checking for test suite...
Test suite directory found: tests
Fetched 0 closed issues.
Fetched 6 closed pull requests.

--- Responsiveness Metrics ---
Average Issue Response Time: 168.00 hours
Average Pull Request Response Time: 0.01 hours
Overall Average Response Time: 84.00 hours

Responsive Score: 0.5 / 1
Total Unique Contributors: 2
Total CI/CD Tests: 1
Total Pull Requests: 6
Open Issues: 0
Closed Issues: 6
Metric Score: 0.01
{"NetScore":0.3013,"NetScore_Latency":20.144,"RampUp":0,"RampUp_Latency":0,"Correctness":1,"Correctness_Latency":0.002,"BusFactor":0.013000000000000001,"BusFactor_Latency":1.693,"ResponsiveMaintainer":0.5,"ResponsiveMaintainer_Latency":0.42,"License":0,"License_Latency":0}]: 
2024-09-22 03:10:49 [Starting module ranking for URLs in sample_urls.txt]: 
2024-09-22 03:10:49 [Processing URL: https://github.com/raoakanksh/461project]: 
2024-09-22 03:10:49 [Created temporary directory: /tmp/tmp.y5ecvyfW7p]: 
2024-09-22 03:10:49 [Calculating metrics for https://github.com/raoakanksh/461project]: 
2024-09-22 03:11:07 [Result: Starting async function...
Modules imported successfully...
Starting clone operation for https://github.com/raoakanksh/461project into /tmp/tmp.y5ecvyfW7p
Clean Up Directory Time: 0.549ms
{"NetScore":0.3013,"NetScore_Latency":16.978,"RampUp":0,"RampUp_Latency":0,"Correctness":1,"Correctness_Latency":0.002,"BusFactor":0.013000000000000001,"BusFactor_Latency":1.616,"ResponsiveMaintainer":0.5,"ResponsiveMaintainer_Latency":0.391,"License":0,"License_Latency":0}]: 
2024-09-22 03:12:01 [Starting module ranking for URLs in sample_urls.txt]: 
2024-09-22 03:12:01 [Processing URL: https://github.com/raoakanksh/461project]: 
2024-09-22 03:12:02 [Created temporary directory: /tmp/tmp.T1HZTWKa9Z]: 
2024-09-22 03:12:02 [Calculating metrics for https://github.com/raoakanksh/461project]: 
2024-09-22 03:12:21 [Result: Clean Up Directory Time: 0.543ms
{"NetScore":0.3013,"NetScore_Latency":18.525,"RampUp":0,"RampUp_Latency":0,"Correctness":1,"Correctness_Latency":0.002,"BusFactor":0.013000000000000001,"BusFactor_Latency":1.689,"ResponsiveMaintainer":0.5,"ResponsiveMaintainer_Latency":0.395,"License":0,"License_Latency":0}]: 
2024-09-22 03:12:48 [Starting module ranking for URLs in sample_urls.txt]: 
2024-09-22 03:12:48 [Processing URL: https://github.com/raoakanksh/461project]: 
2024-09-22 03:12:48 [Created temporary directory: /tmp/tmp.8UTpXS4Se7]: 
2024-09-22 03:12:48 [Calculating metrics for https://github.com/raoakanksh/461project]: 
2024-09-22 03:13:09 [Result: {"NetScore":0.3013,"NetScore_Latency":20.394,"RampUp":0,"RampUp_Latency":0,"Correctness":1,"Correctness_Latency":0.002,"BusFactor":0.013000000000000001,"BusFactor_Latency":1.719,"ResponsiveMaintainer":0.5,"ResponsiveMaintainer_Latency":0.389,"License":0,"License_Latency":0}]: 
2024-09-22 03:13:11 [NetScore: 0.3013]: 
2024-09-22 03:13:11 [NetScore_Latency: 20.394]: 
2024-09-22 03:13:11 [RampUp: 0]: 
2024-09-22 03:13:12 [RampUp_Latency: 0]: 
2024-09-22 03:13:12 [Correctness: 1]: 
2024-09-22 03:13:12 [Correctness_Latency: 0.002]: 
2024-09-22 03:13:12 [BusFactor: 0.013000000000000001]: 
2024-09-22 03:13:12 [BusFactor_Latency: 1.719]: 
2024-09-22 03:13:12 [ResponsiveMaintainer: 0.5]: 
2024-09-22 03:13:12 [ResponsiveMaintainer_Latency: 0.389]: 
2024-09-22 03:13:12 [License: 0]: 
2024-09-22 03:13:12 [License_Latency: 0]: 
2024-09-22 03:13:12 [Removed temporary directory: /tmp/tmp.8UTpXS4Se7]: 
2024-09-22 03:13:12 [Finished module ranking.]: 
2024-09-22 03:13:55 [Starting module ranking for URLs in sample_urls.txt]: 
2024-09-22 03:13:55 [Processing URL: https://github.com/raoakanksh/461project]: 
2024-09-22 03:13:55 [Created temporary directory: /tmp/tmp.AKaEOXpXub]: 
2024-09-22 03:13:55 [Calculating metrics for https://github.com/raoakanksh/461project]: 
2024-09-22 03:14:31 [Starting module ranking for URLs in sample_urls.txt]: 
2024-09-22 03:14:31 [Processing URL: https://github.com/raoakanksh/461project]: 
2024-09-22 03:14:31 [Created temporary directory: /tmp/tmp.FeyimPqvqY]: 
2024-09-22 03:14:31 [Calculating metrics for https://github.com/raoakanksh/461project]: 
2024-09-22 03:14:45 [Starting module ranking for URLs in sample_urls.txt]: 
2024-09-22 03:14:45 [Processing URL: https://github.com/raoakanksh/461project]: 
2024-09-22 03:14:45 [Created temporary directory: /tmp/tmp.8xFsr2UUCj]: 
2024-09-22 03:14:45 [Calculating metrics for https://github.com/raoakanksh/461project]: 
2024-09-22 03:15:03 [Result: {"NetScore":0.3013,"NetScore_Latency":17.173,"RampUp":0,"RampUp_Latency":0,"Correctness":1,"Correctness_Latency":0.002,"BusFactor":0.013000000000000001,"BusFactor_Latency":1.645,"ResponsiveMaintainer":0.5,"ResponsiveMaintainer_Latency":0.41,"License":0,"License_Latency":0}]: 
2024-09-22 03:15:05 [NetScore: 0.3013]: 
2024-09-22 03:15:05 [NetScore_Latency: 17.173]: 
2024-09-22 03:15:05 [RampUp: 0]: 
2024-09-22 03:15:05 [RampUp_Latency: 0]: 
2024-09-22 03:15:05 [Correctness: 1]: 
2024-09-22 03:15:05 [Correctness_Latency: 0.002]: 
2024-09-22 03:15:05 [BusFactor: 0.013000000000000001]: 
2024-09-22 03:15:05 [BusFactor_Latency: 1.645]: 
2024-09-22 03:15:05 [ResponsiveMaintainer: 0.5]: 
2024-09-22 03:15:05 [ResponsiveMaintainer_Latency: 0.41]: 
2024-09-22 03:15:05 [License: 0]: 
2024-09-22 03:15:06 [License_Latency: 0]: 
2024-09-22 03:15:06 [Removed temporary directory: /tmp/tmp.8xFsr2UUCj]: 
2024-09-22 03:15:06 [Finished module ranking.]: 
2024-09-22 03:15:33 [Starting module ranking for URLs in sample_urls.txt]: 
2024-09-22 03:15:33 [Processing URL: https://github.com/voideditor/void]: 
2024-09-22 03:15:33 [Created temporary directory: /tmp/tmp.dsU4s2TVkl]: 
2024-09-22 03:15:33 [Calculating metrics for https://github.com/voideditor/void]: 
2024-09-22 03:17:54 [Starting module ranking for URLs in sample_urls.txt]: 
2024-09-22 03:17:54 [Processing URL: https://github.com/voideditor/void]: 
2024-09-22 03:17:54 [Created temporary directory: /tmp/tmp.xMTaUevFS9]: 
2024-09-22 03:17:55 [Calculating metrics for https://github.com/voideditor/void]: 
2024-09-22 03:17:55 [Result: file:///C:/Users/Arnav%20Naval/Downloads/461project/[eval1]:21
                    const repoURL = 'https://github.com/voideditor/void
                                    ^^^^^^^^^^^^^^^^^^^^^^^^^^^^^^^^^^^

SyntaxError: Invalid or unexpected token
    at compileSourceTextModule (node:internal/modules/esm/utils:337:16)
    at ModuleLoader.evalInstance (node:internal/modules/esm/loader:210:14)
    at new ModuleJob (node:internal/modules/esm/module_job:76:27)
    at onImport.tracePromise.__proto__ (node:internal/modules/esm/loader:214:19)
    at TracingChannel.tracePromise (node:diagnostics_channel:337:14)
    at ModuleLoader.eval (node:internal/modules/esm/loader:213:35)
    at node:internal/process/execution:68:24
    at asyncRunEntryPointWithESMLoader (node:internal/modules/run_main:117:11)
    at Object.runEntryPointWithESMLoader (node:internal/modules/run_main:139:19)
    at evalModuleEntryPoint (node:internal/process/execution:67:47)

Node.js v22.8.0]: 
2024-09-22 03:17:57 [NetScore: ]: 
2024-09-22 03:17:57 [NetScore_Latency: ]: 
2024-09-22 03:17:57 [RampUp: ]: 
2024-09-22 03:17:57 [RampUp_Latency: ]: 
2024-09-22 03:17:57 [Correctness: ]: 
2024-09-22 03:17:57 [Correctness_Latency: ]: 
2024-09-22 03:17:57 [BusFactor: ]: 
2024-09-22 03:17:58 [BusFactor_Latency: ]: 
2024-09-22 03:17:58 [ResponsiveMaintainer: ]: 
2024-09-22 03:17:58 [ResponsiveMaintainer_Latency: ]: 
2024-09-22 03:17:58 [License: ]: 
2024-09-22 03:17:58 [License_Latency: ]: 
2024-09-22 03:17:58 [Removed temporary directory: /tmp/tmp.xMTaUevFS9]: 
2024-09-22 03:17:58 [Processing URL: https://github.com/raoakanksh/461project]: 
2024-09-22 03:17:58 [Created temporary directory: /tmp/tmp.L8BVphtRLg]: 
2024-09-22 03:17:58 [Calculating metrics for https://github.com/raoakanksh/461project]: 
2024-09-22 03:19:39 [Starting module ranking for URLs in sample_urls.txt]: 
2024-09-22 03:19:39 [Processing URL: https://github.com/voideditor/void]: 
2024-09-22 03:19:39 [Created temporary directory: /tmp/tmp.SbgFNgexne]: 
2024-09-22 03:19:39 [Calculating metrics for https://github.com/voideditor/void]: 
2024-09-22 03:19:40 [Result: file:///C:/Users/Arnav%20Naval/Downloads/461project/[eval1]:21
                    const repoURL = "https://github.com/voideditor/void
                                    ^^^^^^^^^^^^^^^^^^^^^^^^^^^^^^^^^^^

SyntaxError: Invalid or unexpected token
    at compileSourceTextModule (node:internal/modules/esm/utils:337:16)
    at ModuleLoader.evalInstance (node:internal/modules/esm/loader:210:14)
    at new ModuleJob (node:internal/modules/esm/module_job:76:27)
    at onImport.tracePromise.__proto__ (node:internal/modules/esm/loader:214:19)
    at TracingChannel.tracePromise (node:diagnostics_channel:337:14)
    at ModuleLoader.eval (node:internal/modules/esm/loader:213:35)
    at node:internal/process/execution:68:24
    at asyncRunEntryPointWithESMLoader (node:internal/modules/run_main:117:11)
    at Object.runEntryPointWithESMLoader (node:internal/modules/run_main:139:19)
    at evalModuleEntryPoint (node:internal/process/execution:67:47)

Node.js v22.8.0]: 
2024-09-22 03:19:42 [NetScore: ]: 
2024-09-22 03:19:42 [NetScore_Latency: ]: 
2024-09-22 03:19:42 [RampUp: ]: 
2024-09-22 03:19:42 [RampUp_Latency: ]: 
2024-09-22 03:19:42 [Correctness: ]: 
2024-09-22 03:19:42 [Correctness_Latency: ]: 
2024-09-22 03:19:42 [BusFactor: ]: 
2024-09-22 03:19:42 [BusFactor_Latency: ]: 
2024-09-22 03:19:42 [ResponsiveMaintainer: ]: 
2024-09-22 03:19:43 [ResponsiveMaintainer_Latency: ]: 
2024-09-22 03:19:43 [License: ]: 
2024-09-22 03:19:43 [License_Latency: ]: 
2024-09-22 03:19:43 [Removed temporary directory: /tmp/tmp.SbgFNgexne]: 
2024-09-22 03:19:43 [Processing URL: https://github.com/raoakanksh/461project]: 
2024-09-22 03:19:43 [Created temporary directory: /tmp/tmp.d0XKNakeD5]: 
2024-09-22 03:19:43 [Calculating metrics for https://github.com/raoakanksh/461project]: 
2024-09-22 03:22:52 [Starting module ranking for URLs in sample_urls.txt]: 
2024-09-22 03:22:52 [Processing URL: https://github.com/voideditor/void]: 
2024-09-22 03:22:52 [Created temporary directory: /tmp/tmp.hGc8yLP0Fd]: 
2024-09-22 03:22:52 [Calculating metrics for https://github.com/voideditor/void]: 
2024-09-22 03:22:53 [Result: file:///C:/Users/Arnav%20Naval/Downloads/461project/[eval1]:21
                    const repoURL = 'https://github.com/voideditor/void
                                    ^^^^^^^^^^^^^^^^^^^^^^^^^^^^^^^^^^^

SyntaxError: Invalid or unexpected token
    at compileSourceTextModule (node:internal/modules/esm/utils:337:16)
    at ModuleLoader.evalInstance (node:internal/modules/esm/loader:210:14)
    at new ModuleJob (node:internal/modules/esm/module_job:76:27)
    at onImport.tracePromise.__proto__ (node:internal/modules/esm/loader:214:19)
    at TracingChannel.tracePromise (node:diagnostics_channel:337:14)
    at ModuleLoader.eval (node:internal/modules/esm/loader:213:35)
    at node:internal/process/execution:68:24
    at asyncRunEntryPointWithESMLoader (node:internal/modules/run_main:117:11)
    at Object.runEntryPointWithESMLoader (node:internal/modules/run_main:139:19)
    at evalModuleEntryPoint (node:internal/process/execution:67:47)

Node.js v22.8.0]: 
2024-09-22 03:22:55 [NetScore: ]: 
2024-09-22 03:22:55 [NetScore_Latency: ]: 
2024-09-22 03:22:55 [RampUp: ]: 
2024-09-22 03:22:55 [RampUp_Latency: ]: 
2024-09-22 03:22:55 [Correctness: ]: 
2024-09-22 03:22:55 [Correctness_Latency: ]: 
2024-09-22 03:22:55 [BusFactor: ]: 
2024-09-22 03:22:55 [BusFactor_Latency: ]: 
2024-09-22 03:22:55 [ResponsiveMaintainer: ]: 
2024-09-22 03:22:56 [ResponsiveMaintainer_Latency: ]: 
2024-09-22 03:22:56 [License: ]: 
2024-09-22 03:22:56 [License_Latency: ]: 
2024-09-22 03:22:56 [Removed temporary directory: /tmp/tmp.hGc8yLP0Fd]: 
2024-09-22 03:22:56 [Processing URL: https://github.com/raoakanksh/461project]: 
2024-09-22 03:22:56 [Created temporary directory: /tmp/tmp.rS0dlx4Kbb]: 
2024-09-22 03:22:56 [Calculating metrics for https://github.com/raoakanksh/461project]: 
2024-09-22 03:23:47 [Starting module ranking for URLs in sample_urls.txt]: 
2024-09-22 03:23:47 [Processing URL: https://github.com/raoakanksh/461project]: 
2024-09-22 03:23:47 [Created temporary directory: /tmp/tmp.DRf4Vy4JWH]: 
2024-09-22 03:23:47 [Calculating metrics for https://github.com/raoakanksh/461project]: 
2024-09-22 03:24:07 [Result: {"NetScore":0.3013,"NetScore_Latency":18.933,"RampUp":0,"RampUp_Latency":0,"Correctness":1,"Correctness_Latency":0.002,"BusFactor":0.013000000000000001,"BusFactor_Latency":1.682,"ResponsiveMaintainer":0.5,"ResponsiveMaintainer_Latency":0.397,"License":0,"License_Latency":0}]: 
2024-09-22 03:24:09 [NetScore: 0.3013]: 
2024-09-22 03:24:09 [NetScore_Latency: 18.933]: 
2024-09-22 03:24:09 [RampUp: 0]: 
2024-09-22 03:24:09 [RampUp_Latency: 0]: 
2024-09-22 03:24:09 [Correctness: 1]: 
2024-09-22 03:24:09 [Correctness_Latency: 0.002]: 
2024-09-22 03:24:09 [BusFactor: 0.013000000000000001]: 
2024-09-22 03:24:09 [BusFactor_Latency: 1.682]: 
2024-09-22 03:24:09 [ResponsiveMaintainer: 0.5]: 
2024-09-22 03:24:09 [ResponsiveMaintainer_Latency: 0.397]: 
2024-09-22 03:24:09 [License: 0]: 
2024-09-22 03:24:10 [License_Latency: 0]: 
2024-09-22 03:24:10 [Removed temporary directory: /tmp/tmp.DRf4Vy4JWH]: 
2024-09-22 03:24:10 [Finished module ranking.]: 
2024-09-22 03:25:28 [Starting module ranking for URLs in sample_urls.txt]: 
2024-09-22 03:25:29 [Processing URL: https://github.com/voideditor/void]: 
2024-09-22 03:25:29 [Created temporary directory: /tmp/tmp.dxUzY8mvXS]: 
2024-09-22 03:25:29 [Calculating metrics for https://github.com/voideditor/void]: 
2024-09-22 03:25:46 [Result: {"NetScore":0.47907333333333346,"NetScore_Latency":16.553,"RampUp":0.08833333333333333,"RampUp_Latency":0,"Correctness":1,"Correctness_Latency":0.002,"BusFactor":0.0624,"BusFactor_Latency":2.379,"ResponsiveMaintainer":0.91,"ResponsiveMaintainer_Latency":0.51,"License":0,"License_Latency":0.001}]: 
2024-09-22 03:25:48 [NetScore: 0.47907333333333346]: 
2024-09-22 03:25:48 [NetScore_Latency: 16.553]: 
2024-09-22 03:25:48 [RampUp: 0.08833333333333333]: 
2024-09-22 03:25:48 [RampUp_Latency: 0]: 
2024-09-22 03:25:48 [Correctness: 1]: 
2024-09-22 03:25:48 [Correctness_Latency: 0.002]: 
2024-09-22 03:25:48 [BusFactor: 0.0624]: 
2024-09-22 03:25:48 [BusFactor_Latency: 2.379]: 
2024-09-22 03:25:48 [ResponsiveMaintainer: 0.91]: 
2024-09-22 03:25:49 [ResponsiveMaintainer_Latency: 0.51]: 
2024-09-22 03:25:49 [License: 0]: 
2024-09-22 03:25:49 [License_Latency: 0.001]: 
2024-09-22 03:25:49 [Removed temporary directory: /tmp/tmp.dxUzY8mvXS]: 
2024-09-22 03:25:49 [Finished module ranking.]: 
2024-09-22 03:28:34 [Starting module ranking for URLs in sample_urls.txt]: 
2024-09-22 03:28:34 [Processing URL: https://github.com/voideditor/void]: 
2024-09-22 03:28:34 [Created temporary directory: /tmp/tmp.RDogPy1XyO]: 
2024-09-22 03:28:34 [Calculating metrics for https://github.com/voideditor/void]: 
2024-09-22 03:28:51 [Result: {"NetScore":0.47907333333333346,"NetScore_Latency":15.835,"RampUp":0.08833333333333333,"RampUp_Latency":0,"Correctness":1,"Correctness_Latency":0.002,"BusFactor":0.0624,"BusFactor_Latency":2.487,"ResponsiveMaintainer":0.91,"ResponsiveMaintainer_Latency":0.577,"License":0,"License_Latency":0}]: 
2024-09-22 03:28:52 [NetScore: 0.47907333333333346]: 
2024-09-22 03:28:52 [NetScore_Latency: 15.835]: 
2024-09-22 03:28:53 [RampUp: 0.08833333333333333]: 
2024-09-22 03:28:53 [RampUp_Latency: 0]: 
2024-09-22 03:28:53 [Correctness: 1]: 
2024-09-22 03:28:53 [Correctness_Latency: 0.002]: 
2024-09-22 03:28:53 [BusFactor: 0.0624]: 
2024-09-22 03:28:53 [BusFactor_Latency: 2.487]: 
2024-09-22 03:28:53 [ResponsiveMaintainer: 0.91]: 
2024-09-22 03:28:53 [ResponsiveMaintainer_Latency: 0.577]: 
2024-09-22 03:28:53 [License: 0]: 
2024-09-22 03:28:53 [License_Latency: 0]: 
2024-09-22 03:28:53 [Removed temporary directory: /tmp/tmp.RDogPy1XyO]: 
2024-09-22 03:28:53 [Processing URL: https://github.com/raoakanksh/461project]: 
2024-09-22 03:28:53 [Created temporary directory: /tmp/tmp.mxQKG1cLvc]: 
2024-09-22 03:28:53 [Calculating metrics for https://github.com/raoakanksh/461project]: 
2024-09-22 03:29:13 [Result: {"NetScore":0.3013,"NetScore_Latency":18.671,"RampUp":0,"RampUp_Latency":0,"Correctness":1,"Correctness_Latency":0.002,"BusFactor":0.013000000000000001,"BusFactor_Latency":1.725,"ResponsiveMaintainer":0.5,"ResponsiveMaintainer_Latency":0.358,"License":0,"License_Latency":0}]: 
2024-09-22 03:29:15 [NetScore: 0.3013]: 
2024-09-22 03:29:15 [NetScore_Latency: 18.671]: 
2024-09-22 03:29:15 [RampUp: 0]: 
2024-09-22 03:29:15 [RampUp_Latency: 0]: 
2024-09-22 03:29:15 [Correctness: 1]: 
2024-09-22 03:29:15 [Correctness_Latency: 0.002]: 
2024-09-22 03:29:15 [BusFactor: 0.013000000000000001]: 
2024-09-22 03:29:15 [BusFactor_Latency: 1.725]: 
2024-09-22 03:29:15 [ResponsiveMaintainer: 0.5]: 
2024-09-22 03:29:15 [ResponsiveMaintainer_Latency: 0.358]: 
2024-09-22 03:29:15 [License: 0]: 
2024-09-22 03:29:15 [License_Latency: 0]: 
2024-09-22 03:29:15 [Removed temporary directory: /tmp/tmp.mxQKG1cLvc]: 
2024-09-22 03:29:16 [Finished module ranking.]: 
